<?xml version="1.0" encoding="UTF-8"?>
<coverage generated="1647846658890" clover="3.2.0">
  <project timestamp="1647846658890" name="All files">
    <metrics statements="114" coveredstatements="108" conditionals="38" coveredconditionals="34" methods="31" coveredmethods="28" elements="183" coveredelements="170" complexity="0" loc="114" ncloc="114" packages="8" files="16" classes="16"/>
    <package name="seconddoor-server">
      <metrics statements="21" coveredstatements="17" conditionals="2" coveredconditionals="2" methods="4" coveredmethods="3"/>
      <file name="server.js" path="/Users/koombea/JesusHernandez/secondDoorTest/seconddoor-server/server.js">
        <metrics statements="21" coveredstatements="17" conditionals="2" coveredconditionals="2" methods="4" coveredmethods="3"/>
        <line num="16" count="3" type="stmt"/>
        <line num="19" count="3" type="stmt"/>
        <line num="20" count="3" type="stmt"/>
        <line num="21" count="3" type="stmt"/>
        <line num="22" count="3" type="stmt"/>
        <line num="24" count="3" type="stmt"/>
        <line num="32" count="3" type="stmt"/>
        <line num="36" count="24" type="cond" truecount="2" falsecount="0"/>
        <line num="37" count="24" type="stmt"/>
        <line num="47" count="3" type="stmt"/>
        <line num="48" count="3" type="stmt"/>
        <line num="50" count="3" type="stmt"/>
        <line num="52" count="3" type="stmt"/>
        <line num="53" count="3" type="stmt"/>
        <line num="56" count="3" type="stmt"/>
        <line num="61" count="0" type="stmt"/>
        <line num="65" count="3" type="stmt"/>
        <line num="66" count="3" type="stmt"/>
        <line num="69" count="0" type="stmt"/>
        <line num="70" count="0" type="stmt"/>
        <line num="71" count="0" type="stmt"/>
      </file>
    </package>
    <package name="seconddoor-server.config">
      <metrics statements="1" coveredstatements="1" conditionals="12" coveredconditionals="11" methods="1" coveredmethods="1"/>
      <file name="index.js" path="/Users/koombea/JesusHernandez/secondDoorTest/seconddoor-server/config/index.js">
        <metrics statements="1" coveredstatements="1" conditionals="12" coveredconditionals="11" methods="1" coveredmethods="1"/>
        <line num="12" count="133" type="cond" truecount="1" falsecount="1"/>
      </file>
    </package>
    <package name="seconddoor-server.db">
      <metrics statements="12" coveredstatements="12" conditionals="2" coveredconditionals="1" methods="1" coveredmethods="1"/>
      <file name="index.js" path="/Users/koombea/JesusHernandez/secondDoorTest/seconddoor-server/db/index.js">
        <metrics statements="12" coveredstatements="12" conditionals="2" coveredconditionals="1" methods="1" coveredmethods="1"/>
        <line num="10" count="7" type="stmt"/>
        <line num="12" count="7" type="stmt"/>
        <line num="13" count="7" type="stmt"/>
        <line num="14" count="7" type="stmt"/>
        <line num="16" count="7" type="stmt"/>
        <line num="17" count="7" type="stmt"/>
        <line num="20" count="7" type="stmt"/>
        <line num="21" count="7" type="stmt"/>
        <line num="23" count="7" type="stmt"/>
        <line num="25" count="7" type="cond" truecount="1" falsecount="1"/>
        <line num="26" count="7" type="stmt"/>
        <line num="29" count="7" type="stmt"/>
      </file>
    </package>
    <package name="seconddoor-server.db.lib">
      <metrics statements="21" coveredstatements="20" conditionals="4" coveredconditionals="3" methods="13" coveredmethods="12"/>
      <file name="db.js" path="/Users/koombea/JesusHernandez/secondDoorTest/seconddoor-server/db/lib/db.js">
        <metrics statements="7" coveredstatements="6" conditionals="2" coveredconditionals="2" methods="2" coveredmethods="1"/>
        <line num="4" count="3" type="stmt"/>
        <line num="5" count="0" type="stmt"/>
        <line num="8" count="3" type="stmt"/>
        <line num="11" count="21" type="cond" truecount="2" falsecount="0"/>
        <line num="12" count="3" type="stmt"/>
        <line num="13" count="3" type="stmt"/>
        <line num="24" count="21" type="stmt"/>
      </file>
      <file name="index.js" path="/Users/koombea/JesusHernandez/secondDoorTest/seconddoor-server/db/lib/index.js">
        <metrics statements="0" coveredstatements="0" conditionals="0" coveredconditionals="0" methods="0" coveredmethods="0"/>
      </file>
      <file name="task.js" path="/Users/koombea/JesusHernandez/secondDoorTest/seconddoor-server/db/lib/task.js">
        <metrics statements="10" coveredstatements="10" conditionals="2" coveredconditionals="1" methods="7" coveredmethods="7"/>
        <line num="3" count="1" type="stmt"/>
        <line num="5" count="1" type="cond" truecount="1" falsecount="1"/>
        <line num="6" count="1" type="stmt"/>
        <line num="15" count="1" type="stmt"/>
        <line num="22" count="11" type="stmt"/>
        <line num="26" count="2" type="stmt"/>
        <line num="34" count="2" type="stmt"/>
        <line num="42" count="5" type="stmt"/>
        <line num="50" count="5" type="stmt"/>
        <line num="53" count="7" type="stmt"/>
      </file>
      <file name="user.js" path="/Users/koombea/JesusHernandez/secondDoorTest/seconddoor-server/db/lib/user.js">
        <metrics statements="4" coveredstatements="4" conditionals="0" coveredconditionals="0" methods="4" coveredmethods="4"/>
        <line num="3" count="3" type="stmt"/>
        <line num="14" count="5" type="stmt"/>
        <line num="27" count="4" type="stmt"/>
        <line num="33" count="7" type="stmt"/>
      </file>
    </package>
    <package name="seconddoor-server.db.models">
      <metrics statements="10" coveredstatements="9" conditionals="0" coveredconditionals="0" methods="4" coveredmethods="3"/>
      <file name="index.js" path="/Users/koombea/JesusHernandez/secondDoorTest/seconddoor-server/db/models/index.js">
        <metrics statements="0" coveredstatements="0" conditionals="0" coveredconditionals="0" methods="0" coveredmethods="0"/>
      </file>
      <file name="task.js" path="/Users/koombea/JesusHernandez/secondDoorTest/seconddoor-server/db/models/task.js">
        <metrics statements="5" coveredstatements="5" conditionals="0" coveredconditionals="0" methods="1" coveredmethods="1"/>
        <line num="4" count="3" type="stmt"/>
        <line num="11" count="7" type="stmt"/>
        <line num="12" count="7" type="stmt"/>
        <line num="14" count="7" type="stmt"/>
        <line num="71" count="7" type="stmt"/>
      </file>
      <file name="user.js" path="/Users/koombea/JesusHernandez/secondDoorTest/seconddoor-server/db/models/user.js">
        <metrics statements="5" coveredstatements="4" conditionals="0" coveredconditionals="0" methods="3" coveredmethods="2"/>
        <line num="5" count="7" type="stmt"/>
        <line num="7" count="7" type="stmt"/>
        <line num="58" count="3" type="stmt"/>
        <line num="61" count="0" type="stmt"/>
        <line num="67" count="7" type="stmt"/>
      </file>
    </package>
    <package name="seconddoor-server.schema">
      <metrics statements="35" coveredstatements="35" conditionals="18" coveredconditionals="17" methods="7" coveredmethods="7"/>
      <file name="index.js" path="/Users/koombea/JesusHernandez/secondDoorTest/seconddoor-server/schema/index.js">
        <metrics statements="0" coveredstatements="0" conditionals="0" coveredconditionals="0" methods="0" coveredmethods="0"/>
      </file>
      <file name="resolvers.js" path="/Users/koombea/JesusHernandez/secondDoorTest/seconddoor-server/schema/resolvers.js">
        <metrics statements="34" coveredstatements="34" conditionals="18" coveredconditionals="17" methods="7" coveredmethods="7"/>
        <line num="8" count="3" type="stmt"/>
        <line num="11" count="3" type="cond" truecount="2" falsecount="0"/>
        <line num="13" count="2" type="stmt"/>
        <line num="14" count="2" type="stmt"/>
        <line num="16" count="2" type="cond" truecount="2" falsecount="0"/>
        <line num="18" count="1" type="stmt"/>
        <line num="21" count="3" type="cond" truecount="2" falsecount="0"/>
        <line num="23" count="2" type="stmt"/>
        <line num="24" count="2" type="stmt"/>
        <line num="26" count="2" type="stmt"/>
        <line num="31" count="3" type="stmt"/>
        <line num="32" count="3" type="stmt"/>
        <line num="34" count="3" type="cond" truecount="2" falsecount="0"/>
        <line num="36" count="2" type="stmt"/>
        <line num="38" count="2" type="stmt"/>
        <line num="44" count="2" type="stmt"/>
        <line num="45" count="2" type="stmt"/>
        <line num="47" count="2" type="cond" truecount="2" falsecount="0"/>
        <line num="48" count="1" type="stmt"/>
        <line num="51" count="1" type="stmt"/>
        <line num="52" count="1" type="stmt"/>
        <line num="54" count="1" type="stmt"/>
        <line num="56" count="1" type="stmt"/>
        <line num="62" count="3" type="cond" truecount="2" falsecount="0"/>
        <line num="64" count="1" type="stmt"/>
        <line num="65" count="1" type="stmt"/>
        <line num="67" count="1" type="stmt"/>
        <line num="70" count="7" type="cond" truecount="2" falsecount="0"/>
        <line num="72" count="6" type="stmt"/>
        <line num="73" count="6" type="stmt"/>
        <line num="75" count="6" type="cond" truecount="2" falsecount="0"/>
        <line num="76" count="1" type="stmt"/>
        <line num="79" count="5" type="stmt"/>
        <line num="81" count="5" type="cond" truecount="1" falsecount="1"/>
      </file>
      <file name="typeDefs.js" path="/Users/koombea/JesusHernandez/secondDoorTest/seconddoor-server/schema/typeDefs.js">
        <metrics statements="1" coveredstatements="1" conditionals="0" coveredconditionals="0" methods="0" coveredmethods="0"/>
        <line num="3" count="3" type="stmt"/>
      </file>
    </package>
    <package name="seconddoor-server.test.utils">
      <metrics statements="11" coveredstatements="11" conditionals="0" coveredconditionals="0" methods="0" coveredmethods="0"/>
      <file name="helpers.js" path="/Users/koombea/JesusHernandez/secondDoorTest/seconddoor-server/test/utils/helpers.js">
        <metrics statements="9" coveredstatements="9" conditionals="0" coveredconditionals="0" methods="0" coveredmethods="0"/>
        <line num="3" count="3" type="stmt"/>
        <line num="17" count="3" type="stmt"/>
        <line num="33" count="3" type="stmt"/>
        <line num="49" count="3" type="stmt"/>
        <line num="63" count="3" type="stmt"/>
        <line num="78" count="3" type="stmt"/>
        <line num="91" count="3" type="stmt"/>
        <line num="106" count="3" type="stmt"/>
        <line num="119" count="3" type="stmt"/>
      </file>
      <file name="mocks.js" path="/Users/koombea/JesusHernandez/secondDoorTest/seconddoor-server/test/utils/mocks.js">
        <metrics statements="2" coveredstatements="2" conditionals="0" coveredconditionals="0" methods="0" coveredmethods="0"/>
        <line num="2" count="3" type="stmt"/>
        <line num="9" count="3" type="stmt"/>
      </file>
    </package>
    <package name="seconddoor-server.utils">
      <metrics statements="3" coveredstatements="3" conditionals="0" coveredconditionals="0" methods="1" coveredmethods="1"/>
      <file name="index.js" path="/Users/koombea/JesusHernandez/secondDoorTest/seconddoor-server/utils/index.js">
        <metrics statements="3" coveredstatements="3" conditionals="0" coveredconditionals="0" methods="1" coveredmethods="1"/>
        <line num="6" count="3" type="stmt"/>
        <line num="12" count="3" type="stmt"/>
        <line num="13" count="3" type="stmt"/>
      </file>
    </package>
  </project>
</coverage>
