{"/Users/koombea/JesusHernandez/secondDoorTest/seconddoor-server/server.js": {"path":"/Users/koombea/JesusHernandez/secondDoorTest/seconddoor-server/server.js","statementMap":{"0":{"start":{"line":16,"column":13},"end":{"line":16,"column":17}},"1":{"start":{"line":19,"column":2},"end":{"line":62,"column":3}},"2":{"start":{"line":20,"column":16},"end":{"line":20,"column":25}},"3":{"start":{"line":21,"column":23},"end":{"line":21,"column":45}},"4":{"start":{"line":22,"column":21},"end":{"line":22,"column":40}},"5":{"start":{"line":24,"column":4},"end":{"line":30,"column":5}},"6":{"start":{"line":32,"column":19},"end":{"line":46,"column":6}},"7":{"start":{"line":36,"column":21},"end":{"line":36,"column":37}},"8":{"start":{"line":37,"column":8},"end":{"line":40,"column":9}},"9":{"start":{"line":47,"column":4},"end":{"line":47,"column":24}},"10":{"start":{"line":48,"column":4},"end":{"line":48,"column":35}},"11":{"start":{"line":50,"column":16},"end":{"line":50,"column":63}},"12":{"start":{"line":52,"column":4},"end":{"line":54,"column":6}},"13":{"start":{"line":53,"column":6},"end":{"line":53,"column":50}},"14":{"start":{"line":56,"column":4},"end":{"line":59,"column":5}},"15":{"start":{"line":61,"column":4},"end":{"line":61,"column":57}},"16":{"start":{"line":65,"column":0},"end":{"line":65,"column":49}},"17":{"start":{"line":66,"column":0},"end":{"line":66,"column":50}},"18":{"start":{"line":69,"column":2},"end":{"line":69,"column":47}},"19":{"start":{"line":70,"column":2},"end":{"line":70,"column":26}},"20":{"start":{"line":71,"column":2},"end":{"line":71,"column":17}}},"fnMap":{"0":{"name":"startApolloServer","decl":{"start":{"line":18,"column":30},"end":{"line":18,"column":47}},"loc":{"start":{"line":18,"column":51},"end":{"line":63,"column":1}},"line":18},"1":{"name":"(anonymous_1)","decl":{"start":{"line":35,"column":15},"end":{"line":35,"column":16}},"loc":{"start":{"line":35,"column":34},"end":{"line":41,"column":7}},"line":35},"2":{"name":"(anonymous_2)","decl":{"start":{"line":52,"column":38},"end":{"line":52,"column":39}},"loc":{"start":{"line":52,"column":44},"end":{"line":54,"column":5}},"line":52},"3":{"name":"handleFatalError","decl":{"start":{"line":68,"column":9},"end":{"line":68,"column":25}},"loc":{"start":{"line":68,"column":32},"end":{"line":72,"column":1}},"line":68}},"branchMap":{"0":{"loc":{"start":{"line":36,"column":21},"end":{"line":36,"column":37}},"type":"binary-expr","locations":[{"start":{"line":36,"column":21},"end":{"line":36,"column":29}},{"start":{"line":36,"column":33},"end":{"line":36,"column":37}}],"line":36}},"s":{"0":3,"1":3,"2":3,"3":3,"4":3,"5":3,"6":3,"7":24,"8":24,"9":3,"10":3,"11":3,"12":3,"13":3,"14":3,"15":0,"16":3,"17":3,"18":0,"19":0,"20":0},"f":{"0":3,"1":24,"2":3,"3":0},"b":{"0":[24,12]},"_coverageSchema":"1a1c01bbd47fc00a2c39e90264f33305004495a9","hash":"a8a6f79dc1eb640a2b9ccb957457428b6763e84b"}
,"/Users/koombea/JesusHernandez/secondDoorTest/seconddoor-server/config/index.js": {"path":"/Users/koombea/JesusHernandez/secondDoorTest/seconddoor-server/config/index.js","statementMap":{"0":{"start":{"line":12,"column":18},"end":{"line":12,"column":73}}},"fnMap":{"0":{"name":"(anonymous_0)","decl":{"start":{"line":12,"column":13},"end":{"line":12,"column":14}},"loc":{"start":{"line":12,"column":18},"end":{"line":12,"column":73}},"line":12}},"branchMap":{"0":{"loc":{"start":{"line":7,"column":14},"end":{"line":7,"column":49}},"type":"binary-expr","locations":[{"start":{"line":7,"column":14},"end":{"line":7,"column":33}},{"start":{"line":7,"column":37},"end":{"line":7,"column":49}}],"line":7},"1":{"loc":{"start":{"line":8,"column":14},"end":{"line":8,"column":46}},"type":"binary-expr","locations":[{"start":{"line":8,"column":14},"end":{"line":8,"column":33}},{"start":{"line":8,"column":37},"end":{"line":8,"column":46}}],"line":8},"2":{"loc":{"start":{"line":9,"column":14},"end":{"line":9,"column":39}},"type":"binary-expr","locations":[{"start":{"line":9,"column":14},"end":{"line":9,"column":33}},{"start":{"line":9,"column":37},"end":{"line":9,"column":39}}],"line":9},"3":{"loc":{"start":{"line":10,"column":10},"end":{"line":10,"column":44}},"type":"binary-expr","locations":[{"start":{"line":10,"column":10},"end":{"line":10,"column":29}},{"start":{"line":10,"column":33},"end":{"line":10,"column":44}}],"line":10},"4":{"loc":{"start":{"line":12,"column":18},"end":{"line":12,"column":73}},"type":"cond-expr","locations":[{"start":{"line":12,"column":52},"end":{"line":12,"column":66}},{"start":{"line":12,"column":69},"end":{"line":12,"column":73}}],"line":12},"5":{"loc":{"start":{"line":16,"column":12},"end":{"line":16,"column":58}},"type":"binary-expr","locations":[{"start":{"line":16,"column":12},"end":{"line":16,"column":34}},{"start":{"line":16,"column":38},"end":{"line":16,"column":58}}],"line":16}},"s":{"0":133},"f":{"0":133},"b":{"0":[3,3],"1":[3,3],"2":[3,3],"3":[3,3],"4":[0,133],"5":[3,3]},"_coverageSchema":"1a1c01bbd47fc00a2c39e90264f33305004495a9","hash":"fd0d286705024bcb8e0adf92557332cc20c7d0fd"}
,"/Users/koombea/JesusHernandez/secondDoorTest/seconddoor-server/db/index.js": {"path":"/Users/koombea/JesusHernandez/secondDoorTest/seconddoor-server/db/index.js","statementMap":{"0":{"start":{"line":10,"column":2},"end":{"line":10,"column":31}},"1":{"start":{"line":12,"column":20},"end":{"line":12,"column":41}},"2":{"start":{"line":13,"column":20},"end":{"line":13,"column":42}},"3":{"start":{"line":14,"column":20},"end":{"line":14,"column":42}},"4":{"start":{"line":16,"column":15},"end":{"line":16,"column":35}},"5":{"start":{"line":17,"column":15},"end":{"line":17,"column":46}},"6":{"start":{"line":20,"column":2},"end":{"line":20,"column":56}},"7":{"start":{"line":21,"column":2},"end":{"line":21,"column":58}},"8":{"start":{"line":23,"column":2},"end":{"line":23,"column":32}},"9":{"start":{"line":25,"column":2},"end":{"line":27,"column":3}},"10":{"start":{"line":26,"column":4},"end":{"line":26,"column":41}},"11":{"start":{"line":29,"column":2},"end":{"line":33,"column":3}}},"fnMap":{"0":{"name":"db","decl":{"start":{"line":9,"column":30},"end":{"line":9,"column":32}},"loc":{"start":{"line":9,"column":42},"end":{"line":34,"column":1}},"line":9}},"branchMap":{"0":{"loc":{"start":{"line":25,"column":2},"end":{"line":27,"column":3}},"type":"if","locations":[{"start":{"line":25,"column":2},"end":{"line":27,"column":3}},{"start":{},"end":{}}],"line":25}},"s":{"0":7,"1":7,"2":7,"3":7,"4":7,"5":7,"6":7,"7":7,"8":7,"9":7,"10":7,"11":7},"f":{"0":7},"b":{"0":[7,0]},"_coverageSchema":"1a1c01bbd47fc00a2c39e90264f33305004495a9","hash":"0475d4224bf0e128312d3bcc37c3ffc6ec4bcdd8"}
,"/Users/koombea/JesusHernandez/secondDoorTest/seconddoor-server/db/lib/db.js": {"path":"/Users/koombea/JesusHernandez/secondDoorTest/seconddoor-server/db/lib/db.js","statementMap":{"0":{"start":{"line":4,"column":0},"end":{"line":6,"column":2}},"1":{"start":{"line":5,"column":2},"end":{"line":5,"column":40}},"2":{"start":{"line":8,"column":16},"end":{"line":8,"column":20}},"3":{"start":{"line":11,"column":2},"end":{"line":22,"column":3}},"4":{"start":{"line":12,"column":60},"end":{"line":12,"column":66}},"5":{"start":{"line":13,"column":4},"end":{"line":21,"column":6}},"6":{"start":{"line":24,"column":2},"end":{"line":24,"column":18}}},"fnMap":{"0":{"name":"(anonymous_0)","decl":{"start":{"line":4,"column":29},"end":{"line":4,"column":30}},"loc":{"start":{"line":4,"column":44},"end":{"line":6,"column":1}},"line":4},"1":{"name":"setupDatabase","decl":{"start":{"line":10,"column":24},"end":{"line":10,"column":37}},"loc":{"start":{"line":10,"column":47},"end":{"line":25,"column":1}},"line":10}},"branchMap":{"0":{"loc":{"start":{"line":11,"column":2},"end":{"line":22,"column":3}},"type":"if","locations":[{"start":{"line":11,"column":2},"end":{"line":22,"column":3}},{"start":{},"end":{}}],"line":11}},"s":{"0":3,"1":0,"2":3,"3":21,"4":3,"5":3,"6":21},"f":{"0":0,"1":21},"b":{"0":[3,18]},"_coverageSchema":"1a1c01bbd47fc00a2c39e90264f33305004495a9","hash":"4cb5cdb3c57a3308ab81a070ea221179040cbe1a"}
,"/Users/koombea/JesusHernandez/secondDoorTest/seconddoor-server/db/lib/index.js": {"path":"/Users/koombea/JesusHernandez/secondDoorTest/seconddoor-server/db/lib/index.js","statementMap":{},"fnMap":{},"branchMap":{},"s":{},"f":{},"b":{},"_coverageSchema":"1a1c01bbd47fc00a2c39e90264f33305004495a9","hash":"b01fd8b217f3a008d53a2c296380f26020d8f110"}
,"/Users/koombea/JesusHernandez/secondDoorTest/seconddoor-server/db/lib/task.js": {"path":"/Users/koombea/JesusHernandez/secondDoorTest/seconddoor-server/db/lib/task.js","statementMap":{"0":{"start":{"line":3,"column":19},"end":{"line":3,"column":51}},"1":{"start":{"line":5,"column":4},"end":{"line":11,"column":5}},"2":{"start":{"line":6,"column":6},"end":{"line":10,"column":8}},"3":{"start":{"line":15,"column":4},"end":{"line":18,"column":6}},"4":{"start":{"line":22,"column":4},"end":{"line":22,"column":33}},"5":{"start":{"line":26,"column":4},"end":{"line":30,"column":6}},"6":{"start":{"line":34,"column":4},"end":{"line":38,"column":6}},"7":{"start":{"line":42,"column":17},"end":{"line":48,"column":5}},"8":{"start":{"line":50,"column":4},"end":{"line":50,"column":40}},"9":{"start":{"line":53,"column":2},"end":{"line":60,"column":3}}},"fnMap":{"0":{"name":"setupTask","decl":{"start":{"line":1,"column":16},"end":{"line":1,"column":25}},"loc":{"start":{"line":1,"column":49},"end":{"line":61,"column":1}},"line":1},"1":{"name":"create","decl":{"start":{"line":2,"column":17},"end":{"line":2,"column":23}},"loc":{"start":{"line":2,"column":57},"end":{"line":12,"column":3}},"line":2},"2":{"name":"deleteBy","decl":{"start":{"line":14,"column":11},"end":{"line":14,"column":19}},"loc":{"start":{"line":14,"column":28},"end":{"line":19,"column":3}},"line":14},"3":{"name":"findById","decl":{"start":{"line":21,"column":11},"end":{"line":21,"column":19}},"loc":{"start":{"line":21,"column":25},"end":{"line":23,"column":3}},"line":21},"4":{"name":"findBy","decl":{"start":{"line":25,"column":11},"end":{"line":25,"column":17}},"loc":{"start":{"line":25,"column":26},"end":{"line":31,"column":3}},"line":25},"5":{"name":"findAllBy","decl":{"start":{"line":33,"column":11},"end":{"line":33,"column":20}},"loc":{"start":{"line":33,"column":29},"end":{"line":39,"column":3}},"line":33},"6":{"name":"update","decl":{"start":{"line":41,"column":11},"end":{"line":41,"column":17}},"loc":{"start":{"line":41,"column":45},"end":{"line":51,"column":3}},"line":41}},"branchMap":{"0":{"loc":{"start":{"line":5,"column":4},"end":{"line":11,"column":5}},"type":"if","locations":[{"start":{"line":5,"column":4},"end":{"line":11,"column":5}},{"start":{},"end":{}}],"line":5}},"s":{"0":1,"1":1,"2":1,"3":1,"4":11,"5":2,"6":2,"7":5,"8":5,"9":7},"f":{"0":7,"1":1,"2":1,"3":11,"4":2,"5":2,"6":5},"b":{"0":[1,0]},"_coverageSchema":"1a1c01bbd47fc00a2c39e90264f33305004495a9","hash":"c66516b68f0b4603baf1caf06188abf91fcd462c"}
,"/Users/koombea/JesusHernandez/secondDoorTest/seconddoor-server/db/lib/user.js": {"path":"/Users/koombea/JesusHernandez/secondDoorTest/seconddoor-server/db/lib/user.js","statementMap":{"0":{"start":{"line":3,"column":4},"end":{"line":10,"column":6}},"1":{"start":{"line":14,"column":4},"end":{"line":23,"column":6}},"2":{"start":{"line":27,"column":4},"end":{"line":30,"column":6}},"3":{"start":{"line":33,"column":2},"end":{"line":37,"column":3}}},"fnMap":{"0":{"name":"setupUser","decl":{"start":{"line":1,"column":16},"end":{"line":1,"column":25}},"loc":{"start":{"line":1,"column":38},"end":{"line":38,"column":1}},"line":1},"1":{"name":"create","decl":{"start":{"line":2,"column":11},"end":{"line":2,"column":17}},"loc":{"start":{"line":2,"column":56},"end":{"line":11,"column":3}},"line":2},"2":{"name":"findBy","decl":{"start":{"line":13,"column":11},"end":{"line":13,"column":17}},"loc":{"start":{"line":13,"column":26},"end":{"line":24,"column":3}},"line":13},"3":{"name":"deleteBy","decl":{"start":{"line":26,"column":11},"end":{"line":26,"column":19}},"loc":{"start":{"line":26,"column":28},"end":{"line":31,"column":3}},"line":26}},"branchMap":{},"s":{"0":3,"1":5,"2":4,"3":7},"f":{"0":7,"1":3,"2":5,"3":4},"b":{},"_coverageSchema":"1a1c01bbd47fc00a2c39e90264f33305004495a9","hash":"718061de6226732aca75b2141958470f3b2221fd"}
,"/Users/koombea/JesusHernandez/secondDoorTest/seconddoor-server/db/models/index.js": {"path":"/Users/koombea/JesusHernandez/secondDoorTest/seconddoor-server/db/models/index.js","statementMap":{},"fnMap":{},"branchMap":{},"s":{},"f":{},"b":{},"_coverageSchema":"1a1c01bbd47fc00a2c39e90264f33305004495a9","hash":"28e581595b31f09a85549f82c22569e17d859032"}
,"/Users/koombea/JesusHernandez/secondDoorTest/seconddoor-server/db/models/task.js": {"path":"/Users/koombea/JesusHernandez/secondDoorTest/seconddoor-server/db/models/task.js","statementMap":{"0":{"start":{"line":4,"column":15},"end":{"line":8,"column":1}},"1":{"start":{"line":11,"column":20},"end":{"line":11,"column":41}},"2":{"start":{"line":12,"column":19},"end":{"line":12,"column":35}},"3":{"start":{"line":14,"column":15},"end":{"line":69,"column":4}},"4":{"start":{"line":71,"column":2},"end":{"line":71,"column":13}}},"fnMap":{"0":{"name":"setupTaskModel","decl":{"start":{"line":10,"column":16},"end":{"line":10,"column":30}},"loc":{"start":{"line":10,"column":40},"end":{"line":72,"column":1}},"line":10}},"branchMap":{},"s":{"0":3,"1":7,"2":7,"3":7,"4":7},"f":{"0":7},"b":{},"_coverageSchema":"1a1c01bbd47fc00a2c39e90264f33305004495a9","hash":"27ad6d46a16378ba6a272994beac683c612ad823"}
,"/Users/koombea/JesusHernandez/secondDoorTest/seconddoor-server/db/models/user.js": {"path":"/Users/koombea/JesusHernandez/secondDoorTest/seconddoor-server/db/models/user.js","statementMap":{"0":{"start":{"line":5,"column":20},"end":{"line":5,"column":41}},"1":{"start":{"line":7,"column":15},"end":{"line":65,"column":4}},"2":{"start":{"line":58,"column":8},"end":{"line":58,"column":41}},"3":{"start":{"line":61,"column":8},"end":{"line":61,"column":41}},"4":{"start":{"line":67,"column":2},"end":{"line":67,"column":13}}},"fnMap":{"0":{"name":"setupUserModel","decl":{"start":{"line":4,"column":16},"end":{"line":4,"column":30}},"loc":{"start":{"line":4,"column":40},"end":{"line":68,"column":1}},"line":4},"1":{"name":"(anonymous_1)","decl":{"start":{"line":57,"column":19},"end":{"line":57,"column":20}},"loc":{"start":{"line":57,"column":31},"end":{"line":59,"column":7}},"line":57},"2":{"name":"(anonymous_2)","decl":{"start":{"line":60,"column":19},"end":{"line":60,"column":20}},"loc":{"start":{"line":60,"column":31},"end":{"line":62,"column":7}},"line":60}},"branchMap":{},"s":{"0":7,"1":7,"2":3,"3":0,"4":7},"f":{"0":7,"1":3,"2":0},"b":{},"_coverageSchema":"1a1c01bbd47fc00a2c39e90264f33305004495a9","hash":"d0c4540efad7c954f46d625fdb8ad0ee7eb8db09"}
,"/Users/koombea/JesusHernandez/secondDoorTest/seconddoor-server/schema/index.js": {"path":"/Users/koombea/JesusHernandez/secondDoorTest/seconddoor-server/schema/index.js","statementMap":{},"fnMap":{},"branchMap":{},"s":{},"f":{},"b":{},"_coverageSchema":"1a1c01bbd47fc00a2c39e90264f33305004495a9","hash":"f036b5b55641c65060b166556808582646892543"}
,"/Users/koombea/JesusHernandez/secondDoorTest/seconddoor-server/schema/resolvers.js": {"path":"/Users/koombea/JesusHernandez/secondDoorTest/seconddoor-server/schema/resolvers.js","statementMap":{"0":{"start":{"line":8,"column":25},"end":{"line":84,"column":1}},"1":{"start":{"line":11,"column":6},"end":{"line":11,"column":62}},"2":{"start":{"line":11,"column":17},"end":{"line":11,"column":62}},"3":{"start":{"line":13,"column":23},"end":{"line":13,"column":25}},"4":{"start":{"line":14,"column":19},"end":{"line":14,"column":70}},"5":{"start":{"line":16,"column":6},"end":{"line":16,"column":59}},"6":{"start":{"line":16,"column":17},"end":{"line":16,"column":59}},"7":{"start":{"line":18,"column":6},"end":{"line":18,"column":26}},"8":{"start":{"line":21,"column":6},"end":{"line":21,"column":62}},"9":{"start":{"line":21,"column":17},"end":{"line":21,"column":62}},"10":{"start":{"line":23,"column":23},"end":{"line":23,"column":25}},"11":{"start":{"line":24,"column":20},"end":{"line":24,"column":61}},"12":{"start":{"line":26,"column":6},"end":{"line":26,"column":45}},"13":{"start":{"line":26,"column":31},"end":{"line":26,"column":44}},"14":{"start":{"line":31,"column":23},"end":{"line":31,"column":25}},"15":{"start":{"line":32,"column":19},"end":{"line":32,"column":49}},"16":{"start":{"line":34,"column":6},"end":{"line":34,"column":80}},"17":{"start":{"line":34,"column":17},"end":{"line":34,"column":80}},"18":{"start":{"line":36,"column":18},"end":{"line":36,"column":43}},"19":{"start":{"line":38,"column":6},"end":{"line":41,"column":7}},"20":{"start":{"line":44,"column":23},"end":{"line":44,"column":25}},"21":{"start":{"line":45,"column":27},"end":{"line":45,"column":57}},"22":{"start":{"line":47,"column":6},"end":{"line":49,"column":7}},"23":{"start":{"line":48,"column":8},"end":{"line":48,"column":57}},"24":{"start":{"line":51,"column":19},"end":{"line":51,"column":49}},"25":{"start":{"line":52,"column":25},"end":{"line":52,"column":38}},"26":{"start":{"line":54,"column":18},"end":{"line":54,"column":49}},"27":{"start":{"line":56,"column":6},"end":{"line":59,"column":7}},"28":{"start":{"line":62,"column":6},"end":{"line":62,"column":62}},"29":{"start":{"line":62,"column":17},"end":{"line":62,"column":62}},"30":{"start":{"line":64,"column":23},"end":{"line":64,"column":25}},"31":{"start":{"line":65,"column":22},"end":{"line":65,"column":75}},"32":{"start":{"line":67,"column":6},"end":{"line":67,"column":20}},"33":{"start":{"line":70,"column":6},"end":{"line":70,"column":62}},"34":{"start":{"line":70,"column":17},"end":{"line":70,"column":62}},"35":{"start":{"line":72,"column":23},"end":{"line":72,"column":25}},"36":{"start":{"line":73,"column":27},"end":{"line":73,"column":55}},"37":{"start":{"line":75,"column":6},"end":{"line":77,"column":7}},"38":{"start":{"line":76,"column":8},"end":{"line":76,"column":54}},"39":{"start":{"line":79,"column":26},"end":{"line":79,"column":92}},"40":{"start":{"line":81,"column":6},"end":{"line":81,"column":64}}},"fnMap":{"0":{"name":"(anonymous_0)","decl":{"start":{"line":10,"column":17},"end":{"line":10,"column":18}},"loc":{"start":{"line":10,"column":50},"end":{"line":19,"column":5}},"line":10},"1":{"name":"(anonymous_1)","decl":{"start":{"line":20,"column":22},"end":{"line":20,"column":23}},"loc":{"start":{"line":20,"column":53},"end":{"line":27,"column":5}},"line":20},"2":{"name":"(anonymous_2)","decl":{"start":{"line":26,"column":23},"end":{"line":26,"column":24}},"loc":{"start":{"line":26,"column":31},"end":{"line":26,"column":44}},"line":26},"3":{"name":"(anonymous_3)","decl":{"start":{"line":30,"column":10},"end":{"line":30,"column":11}},"loc":{"start":{"line":30,"column":37},"end":{"line":42,"column":5}},"line":30},"4":{"name":"(anonymous_4)","decl":{"start":{"line":43,"column":16},"end":{"line":43,"column":17}},"loc":{"start":{"line":43,"column":43},"end":{"line":60,"column":5}},"line":43},"5":{"name":"(anonymous_5)","decl":{"start":{"line":61,"column":16},"end":{"line":61,"column":17}},"loc":{"start":{"line":61,"column":49},"end":{"line":68,"column":5}},"line":61},"6":{"name":"(anonymous_6)","decl":{"start":{"line":69,"column":16},"end":{"line":69,"column":17}},"loc":{"start":{"line":69,"column":49},"end":{"line":82,"column":5}},"line":69}},"branchMap":{"0":{"loc":{"start":{"line":11,"column":6},"end":{"line":11,"column":62}},"type":"if","locations":[{"start":{"line":11,"column":6},"end":{"line":11,"column":62}},{"start":{},"end":{}}],"line":11},"1":{"loc":{"start":{"line":16,"column":6},"end":{"line":16,"column":59}},"type":"if","locations":[{"start":{"line":16,"column":6},"end":{"line":16,"column":59}},{"start":{},"end":{}}],"line":16},"2":{"loc":{"start":{"line":21,"column":6},"end":{"line":21,"column":62}},"type":"if","locations":[{"start":{"line":21,"column":6},"end":{"line":21,"column":62}},{"start":{},"end":{}}],"line":21},"3":{"loc":{"start":{"line":34,"column":6},"end":{"line":34,"column":80}},"type":"if","locations":[{"start":{"line":34,"column":6},"end":{"line":34,"column":80}},{"start":{},"end":{}}],"line":34},"4":{"loc":{"start":{"line":47,"column":6},"end":{"line":49,"column":7}},"type":"if","locations":[{"start":{"line":47,"column":6},"end":{"line":49,"column":7}},{"start":{},"end":{}}],"line":47},"5":{"loc":{"start":{"line":62,"column":6},"end":{"line":62,"column":62}},"type":"if","locations":[{"start":{"line":62,"column":6},"end":{"line":62,"column":62}},{"start":{},"end":{}}],"line":62},"6":{"loc":{"start":{"line":70,"column":6},"end":{"line":70,"column":62}},"type":"if","locations":[{"start":{"line":70,"column":6},"end":{"line":70,"column":62}},{"start":{},"end":{}}],"line":70},"7":{"loc":{"start":{"line":75,"column":6},"end":{"line":77,"column":7}},"type":"if","locations":[{"start":{"line":75,"column":6},"end":{"line":77,"column":7}},{"start":{},"end":{}}],"line":75},"8":{"loc":{"start":{"line":81,"column":13},"end":{"line":81,"column":64}},"type":"cond-expr","locations":[{"start":{"line":81,"column":27},"end":{"line":81,"column":49}},{"start":{"line":81,"column":52},"end":{"line":81,"column":64}}],"line":81}},"s":{"0":3,"1":3,"2":1,"3":2,"4":2,"5":2,"6":1,"7":1,"8":3,"9":1,"10":2,"11":2,"12":2,"13":1,"14":3,"15":3,"16":3,"17":1,"18":2,"19":2,"20":2,"21":2,"22":2,"23":1,"24":1,"25":1,"26":1,"27":1,"28":3,"29":2,"30":1,"31":1,"32":1,"33":7,"34":1,"35":6,"36":6,"37":6,"38":1,"39":5,"40":5},"f":{"0":3,"1":3,"2":1,"3":3,"4":2,"5":3,"6":7},"b":{"0":[1,2],"1":[1,1],"2":[1,2],"3":[1,2],"4":[1,1],"5":[2,1],"6":[1,6],"7":[1,5],"8":[5,0]},"_coverageSchema":"1a1c01bbd47fc00a2c39e90264f33305004495a9","hash":"c676d917fece1c6277eccabe4ff9ce3a8ea2bbb8"}
,"/Users/koombea/JesusHernandez/secondDoorTest/seconddoor-server/schema/typeDefs.js": {"path":"/Users/koombea/JesusHernandez/secondDoorTest/seconddoor-server/schema/typeDefs.js","statementMap":{"0":{"start":{"line":3,"column":24},"end":{"line":74,"column":1}}},"fnMap":{},"branchMap":{},"s":{"0":3},"f":{},"b":{},"_coverageSchema":"1a1c01bbd47fc00a2c39e90264f33305004495a9","hash":"70c5d121645638a44b6fecb0c851e3b63a294ab4"}
,"/Users/koombea/JesusHernandez/secondDoorTest/seconddoor-server/test/utils/helpers.js": {"path":"/Users/koombea/JesusHernandez/secondDoorTest/seconddoor-server/test/utils/helpers.js","statementMap":{"0":{"start":{"line":3,"column":32},"end":{"line":15,"column":1}},"1":{"start":{"line":17,"column":31},"end":{"line":31,"column":1}},"2":{"start":{"line":33,"column":32},"end":{"line":47,"column":1}},"3":{"start":{"line":49,"column":37},"end":{"line":61,"column":1}},"4":{"start":{"line":63,"column":34},"end":{"line":76,"column":1}},"5":{"start":{"line":78,"column":37},"end":{"line":89,"column":1}},"6":{"start":{"line":91,"column":45},"end":{"line":104,"column":1}},"7":{"start":{"line":106,"column":27},"end":{"line":117,"column":1}},"8":{"start":{"line":119,"column":32},"end":{"line":130,"column":1}}},"fnMap":{},"branchMap":{},"s":{"0":3,"1":3,"2":3,"3":3,"4":3,"5":3,"6":3,"7":3,"8":3},"f":{},"b":{},"_coverageSchema":"1a1c01bbd47fc00a2c39e90264f33305004495a9","hash":"f5dbf1031820b99c54351ceb79068bdc0bb5930d"}
,"/Users/koombea/JesusHernandez/secondDoorTest/seconddoor-server/test/utils/mocks.js": {"path":"/Users/koombea/JesusHernandez/secondDoorTest/seconddoor-server/test/utils/mocks.js","statementMap":{"0":{"start":{"line":2,"column":20},"end":{"line":7,"column":1}},"1":{"start":{"line":9,"column":20},"end":{"line":12,"column":1}}},"fnMap":{},"branchMap":{},"s":{"0":3,"1":3},"f":{},"b":{},"_coverageSchema":"1a1c01bbd47fc00a2c39e90264f33305004495a9","hash":"6c9db6e014f5c048fd7a43cab374ebf5e3e8d8dc"}
,"/Users/koombea/JesusHernandez/secondDoorTest/seconddoor-server/utils/index.js": {"path":"/Users/koombea/JesusHernandez/secondDoorTest/seconddoor-server/utils/index.js","statementMap":{"0":{"start":{"line":6,"column":22},"end":{"line":10,"column":2}},"1":{"start":{"line":12,"column":29},"end":{"line":14,"column":1}},"2":{"start":{"line":13,"column":2},"end":{"line":13,"column":43}}},"fnMap":{"0":{"name":"(anonymous_0)","decl":{"start":{"line":12,"column":29},"end":{"line":12,"column":30}},"loc":{"start":{"line":12,"column":37},"end":{"line":14,"column":1}},"line":12}},"branchMap":{},"s":{"0":3,"1":3,"2":3},"f":{"0":3},"b":{},"_coverageSchema":"1a1c01bbd47fc00a2c39e90264f33305004495a9","hash":"e08c48056802dc9c5ed6f4d4049c70f9b00fde63"}
}
