{"/Users/koombea/JesusHernandez/secondDoorTest/seconddoor-server/server.js": {"path":"/Users/koombea/JesusHernandez/secondDoorTest/seconddoor-server/server.js","statementMap":{"0":{"start":{"line":17,"column":13},"end":{"line":17,"column":17}},"1":{"start":{"line":20,"column":14},"end":{"line":20,"column":23}},"2":{"start":{"line":21,"column":21},"end":{"line":21,"column":43}},"3":{"start":{"line":22,"column":19},"end":{"line":22,"column":38}},"4":{"start":{"line":24,"column":2},"end":{"line":26,"column":5}},"5":{"start":{"line":28,"column":2},"end":{"line":34,"column":3}},"6":{"start":{"line":36,"column":17},"end":{"line":50,"column":4}},"7":{"start":{"line":40,"column":19},"end":{"line":40,"column":35}},"8":{"start":{"line":41,"column":6},"end":{"line":44,"column":7}},"9":{"start":{"line":52,"column":2},"end":{"line":52,"column":22}},"10":{"start":{"line":53,"column":2},"end":{"line":53,"column":33}},"11":{"start":{"line":55,"column":14},"end":{"line":55,"column":61}},"12":{"start":{"line":57,"column":2},"end":{"line":59,"column":4}},"13":{"start":{"line":58,"column":4},"end":{"line":58,"column":48}},"14":{"start":{"line":61,"column":2},"end":{"line":64,"column":3}},"15":{"start":{"line":67,"column":0},"end":{"line":67,"column":49}},"16":{"start":{"line":68,"column":0},"end":{"line":68,"column":50}},"17":{"start":{"line":71,"column":2},"end":{"line":71,"column":52}},"18":{"start":{"line":72,"column":2},"end":{"line":72,"column":17}}},"fnMap":{"0":{"name":"startApolloServer","decl":{"start":{"line":19,"column":30},"end":{"line":19,"column":47}},"loc":{"start":{"line":19,"column":51},"end":{"line":65,"column":1}},"line":19},"1":{"name":"(anonymous_1)","decl":{"start":{"line":39,"column":13},"end":{"line":39,"column":14}},"loc":{"start":{"line":39,"column":41},"end":{"line":45,"column":5}},"line":39},"2":{"name":"(anonymous_2)","decl":{"start":{"line":57,"column":36},"end":{"line":57,"column":37}},"loc":{"start":{"line":57,"column":47},"end":{"line":59,"column":3}},"line":57},"3":{"name":"handleFatalError","decl":{"start":{"line":70,"column":9},"end":{"line":70,"column":25}},"loc":{"start":{"line":70,"column":32},"end":{"line":73,"column":1}},"line":70}},"branchMap":{"0":{"loc":{"start":{"line":40,"column":19},"end":{"line":40,"column":35}},"type":"binary-expr","locations":[{"start":{"line":40,"column":19},"end":{"line":40,"column":27}},{"start":{"line":40,"column":31},"end":{"line":40,"column":35}}],"line":40}},"s":{"0":4,"1":4,"2":4,"3":4,"4":4,"5":4,"6":4,"7":29,"8":29,"9":4,"10":4,"11":4,"12":4,"13":3,"14":4,"15":4,"16":4,"17":0,"18":0},"f":{"0":4,"1":29,"2":3,"3":0},"b":{"0":[29,13]},"_coverageSchema":"1a1c01bbd47fc00a2c39e90264f33305004495a9","hash":"749900e1b07857f61776c93b1c1acc7ee835b571"}
,"/Users/koombea/JesusHernandez/secondDoorTest/seconddoor-server/config/index.js": {"path":"/Users/koombea/JesusHernandez/secondDoorTest/seconddoor-server/config/index.js","statementMap":{"0":{"start":{"line":12,"column":18},"end":{"line":12,"column":73}}},"fnMap":{"0":{"name":"(anonymous_0)","decl":{"start":{"line":12,"column":13},"end":{"line":12,"column":14}},"loc":{"start":{"line":12,"column":18},"end":{"line":12,"column":73}},"line":12}},"branchMap":{"0":{"loc":{"start":{"line":7,"column":14},"end":{"line":7,"column":49}},"type":"binary-expr","locations":[{"start":{"line":7,"column":14},"end":{"line":7,"column":33}},{"start":{"line":7,"column":37},"end":{"line":7,"column":49}}],"line":7},"1":{"loc":{"start":{"line":8,"column":14},"end":{"line":8,"column":46}},"type":"binary-expr","locations":[{"start":{"line":8,"column":14},"end":{"line":8,"column":33}},{"start":{"line":8,"column":37},"end":{"line":8,"column":46}}],"line":8},"2":{"loc":{"start":{"line":9,"column":14},"end":{"line":9,"column":39}},"type":"binary-expr","locations":[{"start":{"line":9,"column":14},"end":{"line":9,"column":33}},{"start":{"line":9,"column":37},"end":{"line":9,"column":39}}],"line":9},"3":{"loc":{"start":{"line":10,"column":10},"end":{"line":10,"column":44}},"type":"binary-expr","locations":[{"start":{"line":10,"column":10},"end":{"line":10,"column":29}},{"start":{"line":10,"column":33},"end":{"line":10,"column":44}}],"line":10},"4":{"loc":{"start":{"line":12,"column":18},"end":{"line":12,"column":73}},"type":"cond-expr","locations":[{"start":{"line":12,"column":52},"end":{"line":12,"column":66}},{"start":{"line":12,"column":69},"end":{"line":12,"column":73}}],"line":12},"5":{"loc":{"start":{"line":16,"column":12},"end":{"line":16,"column":58}},"type":"binary-expr","locations":[{"start":{"line":16,"column":12},"end":{"line":16,"column":34}},{"start":{"line":16,"column":38},"end":{"line":16,"column":58}}],"line":16}},"s":{"0":49},"f":{"0":49},"b":{"0":[4,4],"1":[4,4],"2":[4,4],"3":[4,4],"4":[0,49],"5":[4,4]},"_coverageSchema":"1a1c01bbd47fc00a2c39e90264f33305004495a9","hash":"fd0d286705024bcb8e0adf92557332cc20c7d0fd"}
,"/Users/koombea/JesusHernandez/secondDoorTest/seconddoor-server/db/index.js": {"path":"/Users/koombea/JesusHernandez/secondDoorTest/seconddoor-server/db/index.js","statementMap":{"0":{"start":{"line":10,"column":2},"end":{"line":10,"column":31}},"1":{"start":{"line":12,"column":20},"end":{"line":12,"column":41}},"2":{"start":{"line":13,"column":20},"end":{"line":13,"column":42}},"3":{"start":{"line":14,"column":20},"end":{"line":14,"column":42}},"4":{"start":{"line":16,"column":15},"end":{"line":16,"column":35}},"5":{"start":{"line":17,"column":15},"end":{"line":17,"column":46}},"6":{"start":{"line":20,"column":2},"end":{"line":20,"column":56}},"7":{"start":{"line":21,"column":2},"end":{"line":21,"column":58}},"8":{"start":{"line":23,"column":2},"end":{"line":23,"column":32}},"9":{"start":{"line":25,"column":2},"end":{"line":27,"column":3}},"10":{"start":{"line":26,"column":4},"end":{"line":26,"column":41}},"11":{"start":{"line":29,"column":2},"end":{"line":33,"column":3}}},"fnMap":{"0":{"name":"db","decl":{"start":{"line":9,"column":30},"end":{"line":9,"column":32}},"loc":{"start":{"line":9,"column":42},"end":{"line":34,"column":1}},"line":9}},"branchMap":{"0":{"loc":{"start":{"line":25,"column":2},"end":{"line":27,"column":3}},"type":"if","locations":[{"start":{"line":25,"column":2},"end":{"line":27,"column":3}},{"start":{},"end":{}}],"line":25}},"s":{"0":8,"1":8,"2":8,"3":8,"4":8,"5":8,"6":8,"7":8,"8":8,"9":8,"10":0,"11":8},"f":{"0":8},"b":{"0":[0,8]},"_coverageSchema":"1a1c01bbd47fc00a2c39e90264f33305004495a9","hash":"0475d4224bf0e128312d3bcc37c3ffc6ec4bcdd8"}
,"/Users/koombea/JesusHernandez/secondDoorTest/seconddoor-server/db/lib/db.js": {"path":"/Users/koombea/JesusHernandez/secondDoorTest/seconddoor-server/db/lib/db.js","statementMap":{"0":{"start":{"line":4,"column":0},"end":{"line":6,"column":2}},"1":{"start":{"line":5,"column":2},"end":{"line":5,"column":40}},"2":{"start":{"line":8,"column":16},"end":{"line":8,"column":20}},"3":{"start":{"line":11,"column":2},"end":{"line":22,"column":3}},"4":{"start":{"line":12,"column":60},"end":{"line":12,"column":66}},"5":{"start":{"line":13,"column":4},"end":{"line":21,"column":6}},"6":{"start":{"line":24,"column":2},"end":{"line":24,"column":18}}},"fnMap":{"0":{"name":"(anonymous_0)","decl":{"start":{"line":4,"column":29},"end":{"line":4,"column":30}},"loc":{"start":{"line":4,"column":44},"end":{"line":6,"column":1}},"line":4},"1":{"name":"setupDatabase","decl":{"start":{"line":10,"column":24},"end":{"line":10,"column":37}},"loc":{"start":{"line":10,"column":47},"end":{"line":25,"column":1}},"line":10}},"branchMap":{"0":{"loc":{"start":{"line":11,"column":2},"end":{"line":22,"column":3}},"type":"if","locations":[{"start":{"line":11,"column":2},"end":{"line":22,"column":3}},{"start":{},"end":{}}],"line":11}},"s":{"0":4,"1":0,"2":4,"3":24,"4":4,"5":4,"6":24},"f":{"0":0,"1":24},"b":{"0":[4,20]},"_coverageSchema":"1a1c01bbd47fc00a2c39e90264f33305004495a9","hash":"4cb5cdb3c57a3308ab81a070ea221179040cbe1a"}
,"/Users/koombea/JesusHernandez/secondDoorTest/seconddoor-server/db/lib/index.js": {"path":"/Users/koombea/JesusHernandez/secondDoorTest/seconddoor-server/db/lib/index.js","statementMap":{"0":{"start":{"line":8,"column":19},"end":{"line":8,"column":20}},"1":{"start":{"line":11,"column":2},"end":{"line":11,"column":38}}},"fnMap":{"0":{"name":"hashPassword","decl":{"start":{"line":10,"column":16},"end":{"line":10,"column":28}},"loc":{"start":{"line":10,"column":36},"end":{"line":12,"column":1}},"line":10}},"branchMap":{},"s":{"0":4,"1":4},"f":{"0":4},"b":{},"_coverageSchema":"1a1c01bbd47fc00a2c39e90264f33305004495a9","hash":"45b71b6eee51f1088865f5588932f59bf1462a05"}
,"/Users/koombea/JesusHernandez/secondDoorTest/seconddoor-server/db/lib/task.js": {"path":"/Users/koombea/JesusHernandez/secondDoorTest/seconddoor-server/db/lib/task.js","statementMap":{"0":{"start":{"line":3,"column":4},"end":{"line":7,"column":6}},"1":{"start":{"line":11,"column":4},"end":{"line":14,"column":6}},"2":{"start":{"line":18,"column":4},"end":{"line":18,"column":33}},"3":{"start":{"line":22,"column":4},"end":{"line":26,"column":6}},"4":{"start":{"line":30,"column":4},"end":{"line":34,"column":6}},"5":{"start":{"line":38,"column":17},"end":{"line":44,"column":5}},"6":{"start":{"line":46,"column":4},"end":{"line":46,"column":40}},"7":{"start":{"line":49,"column":2},"end":{"line":56,"column":3}}},"fnMap":{"0":{"name":"setupTask","decl":{"start":{"line":1,"column":16},"end":{"line":1,"column":25}},"loc":{"start":{"line":1,"column":49},"end":{"line":57,"column":1}},"line":1},"1":{"name":"create","decl":{"start":{"line":2,"column":17},"end":{"line":2,"column":23}},"loc":{"start":{"line":2,"column":57},"end":{"line":8,"column":3}},"line":2},"2":{"name":"deleteBy","decl":{"start":{"line":10,"column":11},"end":{"line":10,"column":19}},"loc":{"start":{"line":10,"column":28},"end":{"line":15,"column":3}},"line":10},"3":{"name":"findById","decl":{"start":{"line":17,"column":11},"end":{"line":17,"column":19}},"loc":{"start":{"line":17,"column":25},"end":{"line":19,"column":3}},"line":17},"4":{"name":"findBy","decl":{"start":{"line":21,"column":11},"end":{"line":21,"column":17}},"loc":{"start":{"line":21,"column":26},"end":{"line":27,"column":3}},"line":21},"5":{"name":"findAllBy","decl":{"start":{"line":29,"column":11},"end":{"line":29,"column":20}},"loc":{"start":{"line":29,"column":29},"end":{"line":35,"column":3}},"line":29},"6":{"name":"update","decl":{"start":{"line":37,"column":11},"end":{"line":37,"column":17}},"loc":{"start":{"line":37,"column":45},"end":{"line":47,"column":3}},"line":37}},"branchMap":{},"s":{"0":1,"1":2,"2":6,"3":2,"4":2,"5":2,"6":2,"7":8},"f":{"0":8,"1":1,"2":2,"3":6,"4":2,"5":2,"6":2},"b":{},"_coverageSchema":"1a1c01bbd47fc00a2c39e90264f33305004495a9","hash":"ac4f623271691e788ac3ab143b9ed7a05cbd8ea7"}
,"/Users/koombea/JesusHernandez/secondDoorTest/seconddoor-server/db/lib/user.js": {"path":"/Users/koombea/JesusHernandez/secondDoorTest/seconddoor-server/db/lib/user.js","statementMap":{"0":{"start":{"line":3,"column":4},"end":{"line":10,"column":6}},"1":{"start":{"line":14,"column":4},"end":{"line":25,"column":6}},"2":{"start":{"line":29,"column":4},"end":{"line":29,"column":33}},"3":{"start":{"line":33,"column":17},"end":{"line":39,"column":5}},"4":{"start":{"line":41,"column":4},"end":{"line":41,"column":40}},"5":{"start":{"line":45,"column":4},"end":{"line":48,"column":6}},"6":{"start":{"line":51,"column":2},"end":{"line":57,"column":3}}},"fnMap":{"0":{"name":"setupUser","decl":{"start":{"line":1,"column":16},"end":{"line":1,"column":25}},"loc":{"start":{"line":1,"column":38},"end":{"line":58,"column":1}},"line":1},"1":{"name":"create","decl":{"start":{"line":2,"column":11},"end":{"line":2,"column":17}},"loc":{"start":{"line":2,"column":56},"end":{"line":11,"column":3}},"line":2},"2":{"name":"findBy","decl":{"start":{"line":13,"column":11},"end":{"line":13,"column":17}},"loc":{"start":{"line":13,"column":26},"end":{"line":26,"column":3}},"line":13},"3":{"name":"findById","decl":{"start":{"line":28,"column":11},"end":{"line":28,"column":19}},"loc":{"start":{"line":28,"column":25},"end":{"line":30,"column":3}},"line":28},"4":{"name":"update","decl":{"start":{"line":32,"column":11},"end":{"line":32,"column":17}},"loc":{"start":{"line":32,"column":37},"end":{"line":42,"column":3}},"line":32},"5":{"name":"deleteBy","decl":{"start":{"line":44,"column":11},"end":{"line":44,"column":19}},"loc":{"start":{"line":44,"column":28},"end":{"line":49,"column":3}},"line":44}},"branchMap":{},"s":{"0":3,"1":5,"2":12,"3":1,"4":1,"5":4,"6":8},"f":{"0":8,"1":3,"2":5,"3":12,"4":1,"5":4},"b":{},"_coverageSchema":"1a1c01bbd47fc00a2c39e90264f33305004495a9","hash":"0349d807c000e912cd696d4007ce7abcc393f6f8"}
,"/Users/koombea/JesusHernandez/secondDoorTest/seconddoor-server/db/models/index.js": {"path":"/Users/koombea/JesusHernandez/secondDoorTest/seconddoor-server/db/models/index.js","statementMap":{},"fnMap":{},"branchMap":{},"s":{},"f":{},"b":{},"_coverageSchema":"1a1c01bbd47fc00a2c39e90264f33305004495a9","hash":"28e581595b31f09a85549f82c22569e17d859032"}
,"/Users/koombea/JesusHernandez/secondDoorTest/seconddoor-server/db/models/task.js": {"path":"/Users/koombea/JesusHernandez/secondDoorTest/seconddoor-server/db/models/task.js","statementMap":{"0":{"start":{"line":4,"column":15},"end":{"line":8,"column":1}},"1":{"start":{"line":11,"column":20},"end":{"line":11,"column":41}},"2":{"start":{"line":12,"column":19},"end":{"line":12,"column":35}},"3":{"start":{"line":14,"column":15},"end":{"line":69,"column":4}},"4":{"start":{"line":71,"column":2},"end":{"line":71,"column":13}}},"fnMap":{"0":{"name":"setupTaskModel","decl":{"start":{"line":10,"column":16},"end":{"line":10,"column":30}},"loc":{"start":{"line":10,"column":40},"end":{"line":72,"column":1}},"line":10}},"branchMap":{},"s":{"0":4,"1":8,"2":8,"3":8,"4":8},"f":{"0":8},"b":{},"_coverageSchema":"1a1c01bbd47fc00a2c39e90264f33305004495a9","hash":"27ad6d46a16378ba6a272994beac683c612ad823"}
,"/Users/koombea/JesusHernandez/secondDoorTest/seconddoor-server/db/models/user.js": {"path":"/Users/koombea/JesusHernandez/secondDoorTest/seconddoor-server/db/models/user.js","statementMap":{"0":{"start":{"line":5,"column":20},"end":{"line":5,"column":41}},"1":{"start":{"line":7,"column":15},"end":{"line":65,"column":4}},"2":{"start":{"line":58,"column":8},"end":{"line":58,"column":61}},"3":{"start":{"line":61,"column":8},"end":{"line":61,"column":61}},"4":{"start":{"line":67,"column":2},"end":{"line":67,"column":13}}},"fnMap":{"0":{"name":"setupUserModel","decl":{"start":{"line":4,"column":16},"end":{"line":4,"column":30}},"loc":{"start":{"line":4,"column":40},"end":{"line":68,"column":1}},"line":4},"1":{"name":"(anonymous_1)","decl":{"start":{"line":57,"column":20},"end":{"line":57,"column":21}},"loc":{"start":{"line":57,"column":38},"end":{"line":59,"column":7}},"line":57},"2":{"name":"(anonymous_2)","decl":{"start":{"line":60,"column":20},"end":{"line":60,"column":21}},"loc":{"start":{"line":60,"column":38},"end":{"line":62,"column":7}},"line":60}},"branchMap":{},"s":{"0":8,"1":8,"2":3,"3":1,"4":8},"f":{"0":8,"1":3,"2":1},"b":{},"_coverageSchema":"1a1c01bbd47fc00a2c39e90264f33305004495a9","hash":"7ec98c572c364f9d913cafc5e9d2d7f91f5ce472"}
,"/Users/koombea/JesusHernandez/secondDoorTest/seconddoor-server/schema/index.js": {"path":"/Users/koombea/JesusHernandez/secondDoorTest/seconddoor-server/schema/index.js","statementMap":{},"fnMap":{},"branchMap":{},"s":{},"f":{},"b":{},"_coverageSchema":"1a1c01bbd47fc00a2c39e90264f33305004495a9","hash":"f036b5b55641c65060b166556808582646892543"}
,"/Users/koombea/JesusHernandez/secondDoorTest/seconddoor-server/schema/middlewares.js": {"path":"/Users/koombea/JesusHernandez/secondDoorTest/seconddoor-server/schema/middlewares.js","statementMap":{"0":{"start":{"line":4,"column":31},"end":{"line":10,"column":1}},"1":{"start":{"line":5,"column":2},"end":{"line":7,"column":3}},"2":{"start":{"line":6,"column":4},"end":{"line":6,"column":49}},"3":{"start":{"line":9,"column":2},"end":{"line":9,"column":13}}},"fnMap":{"0":{"name":"(anonymous_0)","decl":{"start":{"line":4,"column":31},"end":{"line":4,"column":32}},"loc":{"start":{"line":4,"column":52},"end":{"line":10,"column":1}},"line":4}},"branchMap":{"0":{"loc":{"start":{"line":5,"column":2},"end":{"line":7,"column":3}},"type":"if","locations":[{"start":{"line":5,"column":2},"end":{"line":7,"column":3}},{"start":{},"end":{}}],"line":5}},"s":{"0":4,"1":21,"2":6,"3":15},"f":{"0":21},"b":{"0":[6,15]},"_coverageSchema":"1a1c01bbd47fc00a2c39e90264f33305004495a9","hash":"f0cdadd7f5eb73bffa0b5f2a3bc3612f37a4e714"}
,"/Users/koombea/JesusHernandez/secondDoorTest/seconddoor-server/schema/mutations.js": {"path":"/Users/koombea/JesusHernandez/secondDoorTest/seconddoor-server/schema/mutations.js","statementMap":{"0":{"start":{"line":8,"column":20},"end":{"line":24,"column":1}},"1":{"start":{"line":9,"column":19},"end":{"line":9,"column":21}},"2":{"start":{"line":10,"column":15},"end":{"line":10,"column":55}},"3":{"start":{"line":11,"column":25},"end":{"line":11,"column":45}},"4":{"start":{"line":12,"column":26},"end":{"line":12,"column":78}},"5":{"start":{"line":14,"column":2},"end":{"line":16,"column":3}},"6":{"start":{"line":15,"column":4},"end":{"line":15,"column":67}},"7":{"start":{"line":18,"column":14},"end":{"line":18,"column":39}},"8":{"start":{"line":20,"column":2},"end":{"line":23,"column":3}},"9":{"start":{"line":26,"column":26},"end":{"line":44,"column":1}},"10":{"start":{"line":27,"column":19},"end":{"line":27,"column":21}},"11":{"start":{"line":29,"column":23},"end":{"line":29,"column":63}},"12":{"start":{"line":31,"column":2},"end":{"line":33,"column":3}},"13":{"start":{"line":32,"column":4},"end":{"line":32,"column":53}},"14":{"start":{"line":35,"column":15},"end":{"line":35,"column":45}},"15":{"start":{"line":36,"column":21},"end":{"line":36,"column":34}},"16":{"start":{"line":38,"column":14},"end":{"line":38,"column":45}},"17":{"start":{"line":40,"column":2},"end":{"line":43,"column":3}},"18":{"start":{"line":46,"column":26},"end":{"line":57,"column":1}},"19":{"start":{"line":47,"column":19},"end":{"line":47,"column":21}},"20":{"start":{"line":48,"column":23},"end":{"line":48,"column":51}},"21":{"start":{"line":50,"column":2},"end":{"line":52,"column":3}},"22":{"start":{"line":51,"column":4},"end":{"line":51,"column":50}},"23":{"start":{"line":54,"column":22},"end":{"line":54,"column":71}},"24":{"start":{"line":56,"column":2},"end":{"line":56,"column":60}},"25":{"start":{"line":59,"column":26},"end":{"line":70,"column":1}},"26":{"start":{"line":60,"column":25},"end":{"line":60,"column":27}},"27":{"start":{"line":61,"column":23},"end":{"line":61,"column":51}},"28":{"start":{"line":63,"column":2},"end":{"line":65,"column":3}},"29":{"start":{"line":64,"column":4},"end":{"line":64,"column":50}},"30":{"start":{"line":67,"column":18},"end":{"line":67,"column":71}},"31":{"start":{"line":69,"column":2},"end":{"line":69,"column":16}},"32":{"start":{"line":72,"column":26},"end":{"line":89,"column":1}},"33":{"start":{"line":73,"column":25},"end":{"line":73,"column":27}},"34":{"start":{"line":74,"column":23},"end":{"line":74,"column":51}},"35":{"start":{"line":76,"column":2},"end":{"line":78,"column":3}},"36":{"start":{"line":77,"column":4},"end":{"line":77,"column":50}},"37":{"start":{"line":80,"column":23},"end":{"line":80,"column":51}},"38":{"start":{"line":82,"column":2},"end":{"line":84,"column":3}},"39":{"start":{"line":83,"column":4},"end":{"line":83,"column":50}},"40":{"start":{"line":86,"column":22},"end":{"line":86,"column":88}},"41":{"start":{"line":88,"column":2},"end":{"line":88,"column":60}},"42":{"start":{"line":91,"column":26},"end":{"line":108,"column":1}},"43":{"start":{"line":92,"column":25},"end":{"line":92,"column":27}},"44":{"start":{"line":93,"column":23},"end":{"line":93,"column":51}},"45":{"start":{"line":95,"column":2},"end":{"line":97,"column":3}},"46":{"start":{"line":96,"column":4},"end":{"line":96,"column":50}},"47":{"start":{"line":99,"column":23},"end":{"line":99,"column":51}},"48":{"start":{"line":101,"column":2},"end":{"line":103,"column":3}},"49":{"start":{"line":102,"column":4},"end":{"line":102,"column":50}},"50":{"start":{"line":105,"column":2},"end":{"line":105,"column":55}},"51":{"start":{"line":107,"column":2},"end":{"line":107,"column":21}}},"fnMap":{"0":{"name":"(anonymous_0)","decl":{"start":{"line":8,"column":20},"end":{"line":8,"column":21}},"loc":{"start":{"line":8,"column":47},"end":{"line":24,"column":1}},"line":8},"1":{"name":"(anonymous_1)","decl":{"start":{"line":26,"column":26},"end":{"line":26,"column":27}},"loc":{"start":{"line":26,"column":53},"end":{"line":44,"column":1}},"line":26},"2":{"name":"(anonymous_2)","decl":{"start":{"line":46,"column":26},"end":{"line":46,"column":27}},"loc":{"start":{"line":46,"column":59},"end":{"line":57,"column":1}},"line":46},"3":{"name":"(anonymous_3)","decl":{"start":{"line":59,"column":26},"end":{"line":59,"column":27}},"loc":{"start":{"line":59,"column":59},"end":{"line":70,"column":1}},"line":59},"4":{"name":"(anonymous_4)","decl":{"start":{"line":72,"column":26},"end":{"line":72,"column":27}},"loc":{"start":{"line":72,"column":59},"end":{"line":89,"column":1}},"line":72},"5":{"name":"(anonymous_5)","decl":{"start":{"line":91,"column":26},"end":{"line":91,"column":27}},"loc":{"start":{"line":91,"column":59},"end":{"line":108,"column":1}},"line":91}},"branchMap":{"0":{"loc":{"start":{"line":11,"column":25},"end":{"line":11,"column":45}},"type":"binary-expr","locations":[{"start":{"line":11,"column":25},"end":{"line":11,"column":39}},{"start":{"line":11,"column":43},"end":{"line":11,"column":45}}],"line":11},"1":{"loc":{"start":{"line":14,"column":2},"end":{"line":16,"column":3}},"type":"if","locations":[{"start":{"line":14,"column":2},"end":{"line":16,"column":3}},{"start":{},"end":{}}],"line":14},"2":{"loc":{"start":{"line":14,"column":6},"end":{"line":14,"column":31}},"type":"binary-expr","locations":[{"start":{"line":14,"column":6},"end":{"line":14,"column":11}},{"start":{"line":14,"column":15},"end":{"line":14,"column":31}}],"line":14},"3":{"loc":{"start":{"line":31,"column":2},"end":{"line":33,"column":3}},"type":"if","locations":[{"start":{"line":31,"column":2},"end":{"line":33,"column":3}},{"start":{},"end":{}}],"line":31},"4":{"loc":{"start":{"line":50,"column":2},"end":{"line":52,"column":3}},"type":"if","locations":[{"start":{"line":50,"column":2},"end":{"line":52,"column":3}},{"start":{},"end":{}}],"line":50},"5":{"loc":{"start":{"line":56,"column":9},"end":{"line":56,"column":60}},"type":"cond-expr","locations":[{"start":{"line":56,"column":23},"end":{"line":56,"column":45}},{"start":{"line":56,"column":48},"end":{"line":56,"column":60}}],"line":56},"6":{"loc":{"start":{"line":63,"column":2},"end":{"line":65,"column":3}},"type":"if","locations":[{"start":{"line":63,"column":2},"end":{"line":65,"column":3}},{"start":{},"end":{}}],"line":63},"7":{"loc":{"start":{"line":76,"column":2},"end":{"line":78,"column":3}},"type":"if","locations":[{"start":{"line":76,"column":2},"end":{"line":78,"column":3}},{"start":{},"end":{}}],"line":76},"8":{"loc":{"start":{"line":82,"column":2},"end":{"line":84,"column":3}},"type":"if","locations":[{"start":{"line":82,"column":2},"end":{"line":84,"column":3}},{"start":{},"end":{}}],"line":82},"9":{"loc":{"start":{"line":88,"column":9},"end":{"line":88,"column":60}},"type":"cond-expr","locations":[{"start":{"line":88,"column":23},"end":{"line":88,"column":45}},{"start":{"line":88,"column":48},"end":{"line":88,"column":60}}],"line":88},"10":{"loc":{"start":{"line":95,"column":2},"end":{"line":97,"column":3}},"type":"if","locations":[{"start":{"line":95,"column":2},"end":{"line":97,"column":3}},{"start":{},"end":{}}],"line":95},"11":{"loc":{"start":{"line":101,"column":2},"end":{"line":103,"column":3}},"type":"if","locations":[{"start":{"line":101,"column":2},"end":{"line":103,"column":3}},{"start":{},"end":{}}],"line":101}},"s":{"0":4,"1":3,"2":3,"3":3,"4":3,"5":3,"6":1,"7":2,"8":2,"9":4,"10":2,"11":2,"12":2,"13":1,"14":1,"15":1,"16":1,"17":1,"18":4,"19":2,"20":2,"21":2,"22":1,"23":1,"24":1,"25":4,"26":2,"27":2,"28":2,"29":1,"30":1,"31":1,"32":4,"33":4,"34":4,"35":4,"36":1,"37":3,"38":3,"39":1,"40":2,"41":1,"42":4,"43":3,"44":3,"45":3,"46":1,"47":2,"48":2,"49":1,"50":1,"51":1},"f":{"0":3,"1":2,"2":2,"3":2,"4":4,"5":3},"b":{"0":[3,1],"1":[1,2],"2":[3,2],"3":[1,1],"4":[1,1],"5":[1,0],"6":[1,1],"7":[1,3],"8":[1,2],"9":[1,0],"10":[1,2],"11":[1,1]},"_coverageSchema":"1a1c01bbd47fc00a2c39e90264f33305004495a9","hash":"2fc92916db72f8e09c49799afe1f732159cbd405"}
,"/Users/koombea/JesusHernandez/secondDoorTest/seconddoor-server/schema/queries.js": {"path":"/Users/koombea/JesusHernandez/secondDoorTest/seconddoor-server/schema/queries.js","statementMap":{"0":{"start":{"line":3,"column":15},"end":{"line":7,"column":1}},"1":{"start":{"line":9,"column":32},"end":{"line":35,"column":1}},"2":{"start":{"line":10,"column":19},"end":{"line":10,"column":21}},"3":{"start":{"line":11,"column":16},"end":{"line":11,"column":57}},"4":{"start":{"line":13,"column":15},"end":{"line":32,"column":4}},"5":{"start":{"line":14,"column":17},"end":{"line":14,"column":29}},"6":{"start":{"line":15,"column":4},"end":{"line":17,"column":5}},"7":{"start":{"line":16,"column":6},"end":{"line":16,"column":31}},"8":{"start":{"line":19,"column":4},"end":{"line":21,"column":5}},"9":{"start":{"line":20,"column":6},"end":{"line":20,"column":31}},"10":{"start":{"line":23,"column":4},"end":{"line":25,"column":5}},"11":{"start":{"line":24,"column":6},"end":{"line":24,"column":30}},"12":{"start":{"line":27,"column":4},"end":{"line":27,"column":14}},"13":{"start":{"line":34,"column":2},"end":{"line":34,"column":13}},"14":{"start":{"line":37,"column":27},"end":{"line":44,"column":1}},"15":{"start":{"line":38,"column":19},"end":{"line":38,"column":21}},"16":{"start":{"line":39,"column":15},"end":{"line":39,"column":66}},"17":{"start":{"line":41,"column":2},"end":{"line":41,"column":55}},"18":{"start":{"line":41,"column":13},"end":{"line":41,"column":55}},"19":{"start":{"line":43,"column":2},"end":{"line":43,"column":22}}},"fnMap":{"0":{"name":"(anonymous_0)","decl":{"start":{"line":9,"column":32},"end":{"line":9,"column":33}},"loc":{"start":{"line":9,"column":63},"end":{"line":35,"column":1}},"line":9},"1":{"name":"(anonymous_1)","decl":{"start":{"line":13,"column":28},"end":{"line":13,"column":29}},"loc":{"start":{"line":13,"column":42},"end":{"line":28,"column":3}},"line":13},"2":{"name":"(anonymous_2)","decl":{"start":{"line":37,"column":27},"end":{"line":37,"column":28}},"loc":{"start":{"line":37,"column":60},"end":{"line":44,"column":1}},"line":37}},"branchMap":{"0":{"loc":{"start":{"line":15,"column":4},"end":{"line":17,"column":5}},"type":"if","locations":[{"start":{"line":15,"column":4},"end":{"line":17,"column":5}},{"start":{},"end":{}}],"line":15},"1":{"loc":{"start":{"line":19,"column":4},"end":{"line":21,"column":5}},"type":"if","locations":[{"start":{"line":19,"column":4},"end":{"line":21,"column":5}},{"start":{},"end":{}}],"line":19},"2":{"loc":{"start":{"line":23,"column":4},"end":{"line":25,"column":5}},"type":"if","locations":[{"start":{"line":23,"column":4},"end":{"line":25,"column":5}},{"start":{},"end":{}}],"line":23},"3":{"loc":{"start":{"line":41,"column":2},"end":{"line":41,"column":55}},"type":"if","locations":[{"start":{"line":41,"column":2},"end":{"line":41,"column":55}},{"start":{},"end":{}}],"line":41}},"s":{"0":4,"1":4,"2":2,"3":2,"4":2,"5":1,"6":1,"7":0,"8":1,"9":1,"10":1,"11":0,"12":1,"13":2,"14":4,"15":2,"16":2,"17":2,"18":1,"19":1},"f":{"0":2,"1":1,"2":2},"b":{"0":[0,1],"1":[1,0],"2":[0,1],"3":[1,1]},"_coverageSchema":"1a1c01bbd47fc00a2c39e90264f33305004495a9","hash":"e4a32d5e0638214e394ca8519e947bd3d8fa391e"}
,"/Users/koombea/JesusHernandez/secondDoorTest/seconddoor-server/schema/resolvers.js": {"path":"/Users/koombea/JesusHernandez/secondDoorTest/seconddoor-server/schema/resolvers.js","statementMap":{"0":{"start":{"line":17,"column":25},"end":{"line":30,"column":1}}},"fnMap":{},"branchMap":{},"s":{"0":4},"f":{},"b":{},"_coverageSchema":"1a1c01bbd47fc00a2c39e90264f33305004495a9","hash":"5340fc375a304db3dba11ee7025e2bd12f16b02b"}
,"/Users/koombea/JesusHernandez/secondDoorTest/seconddoor-server/schema/typeDefs.js": {"path":"/Users/koombea/JesusHernandez/secondDoorTest/seconddoor-server/schema/typeDefs.js","statementMap":{"0":{"start":{"line":3,"column":24},"end":{"line":94,"column":1}}},"fnMap":{},"branchMap":{},"s":{"0":4},"f":{},"b":{},"_coverageSchema":"1a1c01bbd47fc00a2c39e90264f33305004495a9","hash":"db77f864cb1f30d0fe8b0fb1132fd3195d3cbb57"}
,"/Users/koombea/JesusHernandez/secondDoorTest/seconddoor-server/tests/utils/helpers.js": {"path":"/Users/koombea/JesusHernandez/secondDoorTest/seconddoor-server/tests/utils/helpers.js","statementMap":{"0":{"start":{"line":3,"column":32},"end":{"line":15,"column":1}},"1":{"start":{"line":17,"column":31},"end":{"line":31,"column":1}},"2":{"start":{"line":33,"column":32},"end":{"line":47,"column":1}},"3":{"start":{"line":49,"column":37},"end":{"line":61,"column":1}},"4":{"start":{"line":63,"column":37},"end":{"line":72,"column":1}},"5":{"start":{"line":74,"column":34},"end":{"line":87,"column":1}},"6":{"start":{"line":89,"column":37},"end":{"line":100,"column":1}},"7":{"start":{"line":102,"column":37},"end":{"line":112,"column":1}},"8":{"start":{"line":114,"column":27},"end":{"line":125,"column":1}},"9":{"start":{"line":127,"column":32},"end":{"line":154,"column":1}},"10":{"start":{"line":156,"column":30},"end":{"line":166,"column":1}}},"fnMap":{},"branchMap":{},"s":{"0":3,"1":3,"2":3,"3":3,"4":3,"5":3,"6":3,"7":3,"8":3,"9":3,"10":3},"f":{},"b":{},"_coverageSchema":"1a1c01bbd47fc00a2c39e90264f33305004495a9","hash":"400e4f51e51b104ac83e29b27d5f346df7151b1d"}
,"/Users/koombea/JesusHernandez/secondDoorTest/seconddoor-server/tests/utils/mocks.js": {"path":"/Users/koombea/JesusHernandez/secondDoorTest/seconddoor-server/tests/utils/mocks.js","statementMap":{"0":{"start":{"line":2,"column":20},"end":{"line":7,"column":1}},"1":{"start":{"line":9,"column":20},"end":{"line":12,"column":1}}},"fnMap":{},"branchMap":{},"s":{"0":3,"1":3},"f":{},"b":{},"_coverageSchema":"1a1c01bbd47fc00a2c39e90264f33305004495a9","hash":"8827f0b0109b9d77c05085aac6f5094408e49e57"}
,"/Users/koombea/JesusHernandez/secondDoorTest/seconddoor-server/utils/index.js": {"path":"/Users/koombea/JesusHernandez/secondDoorTest/seconddoor-server/utils/index.js","statementMap":{"0":{"start":{"line":7,"column":22},"end":{"line":11,"column":2}},"1":{"start":{"line":13,"column":29},"end":{"line":15,"column":1}},"2":{"start":{"line":14,"column":2},"end":{"line":14,"column":43}},"3":{"start":{"line":17,"column":31},"end":{"line":19,"column":1}},"4":{"start":{"line":18,"column":2},"end":{"line":18,"column":35}}},"fnMap":{"0":{"name":"(anonymous_0)","decl":{"start":{"line":13,"column":29},"end":{"line":13,"column":30}},"loc":{"start":{"line":13,"column":37},"end":{"line":15,"column":1}},"line":13},"1":{"name":"(anonymous_1)","decl":{"start":{"line":17,"column":31},"end":{"line":17,"column":32}},"loc":{"start":{"line":17,"column":47},"end":{"line":19,"column":1}},"line":17}},"branchMap":{},"s":{"0":4,"1":4,"2":3,"3":4,"4":3},"f":{"0":3,"1":3},"b":{},"_coverageSchema":"1a1c01bbd47fc00a2c39e90264f33305004495a9","hash":"8c63361ac735a73fdd3de573399f25819fab4402"}
}
