TN:
SF:server.js
FN:18,startApolloServer
FN:35,(anonymous_1)
FN:52,(anonymous_2)
FN:68,handleFatalError
FNF:4
FNH:3
FNDA:3,startApolloServer
FNDA:24,(anonymous_1)
FNDA:3,(anonymous_2)
FNDA:0,handleFatalError
DA:16,3
DA:19,3
DA:20,3
DA:21,3
DA:22,3
DA:24,3
DA:32,3
DA:36,24
DA:37,24
DA:47,3
DA:48,3
DA:50,3
DA:52,3
DA:53,3
DA:56,3
DA:61,0
DA:65,3
DA:66,3
DA:69,0
DA:70,0
DA:71,0
LF:21
LH:17
BRDA:36,0,0,24
BRDA:36,0,1,12
BRF:2
BRH:2
end_of_record
TN:
SF:config/index.js
FN:12,(anonymous_0)
FNF:1
FNH:1
FNDA:133,(anonymous_0)
DA:12,133
LF:1
LH:1
BRDA:7,0,0,3
BRDA:7,0,1,3
BRDA:8,1,0,3
BRDA:8,1,1,3
BRDA:9,2,0,3
BRDA:9,2,1,3
BRDA:10,3,0,3
BRDA:10,3,1,3
BRDA:12,4,0,0
BRDA:12,4,1,133
BRDA:16,5,0,3
BRDA:16,5,1,3
BRF:12
BRH:11
end_of_record
TN:
SF:db/index.js
FN:9,db
FNF:1
FNH:1
FNDA:7,db
DA:10,7
DA:12,7
DA:13,7
DA:14,7
DA:16,7
DA:17,7
DA:20,7
DA:21,7
DA:23,7
DA:25,7
DA:26,7
DA:29,7
LF:12
LH:12
BRDA:25,0,0,7
BRDA:25,0,1,0
BRF:2
BRH:1
end_of_record
TN:
SF:db/lib/db.js
FN:4,(anonymous_0)
FN:10,setupDatabase
FNF:2
FNH:1
FNDA:0,(anonymous_0)
FNDA:21,setupDatabase
DA:4,3
DA:5,0
DA:8,3
DA:11,21
DA:12,3
DA:13,3
DA:24,21
LF:7
LH:6
BRDA:11,0,0,3
BRDA:11,0,1,18
BRF:2
BRH:2
end_of_record
TN:
SF:db/lib/index.js
FNF:0
FNH:0
LF:0
LH:0
BRF:0
BRH:0
end_of_record
TN:
SF:db/lib/task.js
FN:1,setupTask
FN:2,create
FN:14,deleteBy
FN:21,findById
FN:25,findBy
FN:33,findAllBy
FN:41,update
FNF:7
FNH:7
FNDA:7,setupTask
FNDA:1,create
FNDA:1,deleteBy
FNDA:11,findById
FNDA:2,findBy
FNDA:2,findAllBy
FNDA:5,update
DA:3,1
DA:5,1
DA:6,1
DA:15,1
DA:22,11
DA:26,2
DA:34,2
DA:42,5
DA:50,5
DA:53,7
LF:10
LH:10
BRDA:5,0,0,1
BRDA:5,0,1,0
BRF:2
BRH:1
end_of_record
TN:
SF:db/lib/user.js
FN:1,setupUser
FN:2,create
FN:13,findBy
FN:26,deleteBy
FNF:4
FNH:4
FNDA:7,setupUser
FNDA:3,create
FNDA:5,findBy
FNDA:4,deleteBy
DA:3,3
DA:14,5
DA:27,4
DA:33,7
LF:4
LH:4
BRF:0
BRH:0
end_of_record
TN:
SF:db/models/index.js
FNF:0
FNH:0
LF:0
LH:0
BRF:0
BRH:0
end_of_record
TN:
SF:db/models/task.js
FN:10,setupTaskModel
FNF:1
FNH:1
FNDA:7,setupTaskModel
DA:4,3
DA:11,7
DA:12,7
DA:14,7
DA:71,7
LF:5
LH:5
BRF:0
BRH:0
end_of_record
TN:
SF:db/models/user.js
FN:4,setupUserModel
FN:57,(anonymous_1)
FN:60,(anonymous_2)
FNF:3
FNH:2
FNDA:7,setupUserModel
FNDA:3,(anonymous_1)
FNDA:0,(anonymous_2)
DA:5,7
DA:7,7
DA:58,3
DA:61,0
DA:67,7
LF:5
LH:4
BRF:0
BRH:0
end_of_record
TN:
SF:schema/index.js
FNF:0
FNH:0
LF:0
LH:0
BRF:0
BRH:0
end_of_record
TN:
SF:schema/resolvers.js
FN:10,(anonymous_0)
FN:20,(anonymous_1)
FN:26,(anonymous_2)
FN:30,(anonymous_3)
FN:43,(anonymous_4)
FN:61,(anonymous_5)
FN:69,(anonymous_6)
FNF:7
FNH:7
FNDA:3,(anonymous_0)
FNDA:3,(anonymous_1)
FNDA:1,(anonymous_2)
FNDA:3,(anonymous_3)
FNDA:2,(anonymous_4)
FNDA:3,(anonymous_5)
FNDA:7,(anonymous_6)
DA:8,3
DA:11,3
DA:13,2
DA:14,2
DA:16,2
DA:18,1
DA:21,3
DA:23,2
DA:24,2
DA:26,2
DA:31,3
DA:32,3
DA:34,3
DA:36,2
DA:38,2
DA:44,2
DA:45,2
DA:47,2
DA:48,1
DA:51,1
DA:52,1
DA:54,1
DA:56,1
DA:62,3
DA:64,1
DA:65,1
DA:67,1
DA:70,7
DA:72,6
DA:73,6
DA:75,6
DA:76,1
DA:79,5
DA:81,5
LF:34
LH:34
BRDA:11,0,0,1
BRDA:11,0,1,2
BRDA:16,1,0,1
BRDA:16,1,1,1
BRDA:21,2,0,1
BRDA:21,2,1,2
BRDA:34,3,0,1
BRDA:34,3,1,2
BRDA:47,4,0,1
BRDA:47,4,1,1
BRDA:62,5,0,2
BRDA:62,5,1,1
BRDA:70,6,0,1
BRDA:70,6,1,6
BRDA:75,7,0,1
BRDA:75,7,1,5
BRDA:81,8,0,5
BRDA:81,8,1,0
BRF:18
BRH:17
end_of_record
TN:
SF:schema/typeDefs.js
FNF:0
FNH:0
DA:3,3
LF:1
LH:1
BRF:0
BRH:0
end_of_record
TN:
SF:test/utils/helpers.js
FNF:0
FNH:0
DA:3,3
DA:17,3
DA:33,3
DA:49,3
DA:63,3
DA:78,3
DA:91,3
DA:106,3
DA:119,3
LF:9
LH:9
BRF:0
BRH:0
end_of_record
TN:
SF:test/utils/mocks.js
FNF:0
FNH:0
DA:2,3
DA:9,3
LF:2
LH:2
BRF:0
BRH:0
end_of_record
TN:
SF:utils/index.js
FN:12,(anonymous_0)
FNF:1
FNH:1
FNDA:3,(anonymous_0)
DA:6,3
DA:12,3
DA:13,3
LF:3
LH:3
BRF:0
BRH:0
end_of_record
