TN:
SF:server.js
FN:19,startApolloServer
FN:39,(anonymous_1)
FN:57,(anonymous_2)
FN:70,handleFatalError
FNF:4
FNH:3
FNDA:4,startApolloServer
FNDA:29,(anonymous_1)
FNDA:3,(anonymous_2)
FNDA:0,handleFatalError
DA:17,4
DA:20,4
DA:21,4
DA:22,4
DA:24,4
DA:28,4
DA:36,4
DA:40,29
DA:41,29
DA:52,4
DA:53,4
DA:55,4
DA:57,4
DA:58,3
DA:61,4
DA:67,4
DA:68,4
DA:71,0
DA:72,0
LF:19
LH:17
BRDA:40,0,0,29
BRDA:40,0,1,13
BRF:2
BRH:2
end_of_record
TN:
SF:config/index.js
FN:12,(anonymous_0)
FNF:1
FNH:1
FNDA:49,(anonymous_0)
DA:12,49
LF:1
LH:1
BRDA:7,0,0,4
BRDA:7,0,1,4
BRDA:8,1,0,4
BRDA:8,1,1,4
BRDA:9,2,0,4
BRDA:9,2,1,4
BRDA:10,3,0,4
BRDA:10,3,1,4
BRDA:12,4,0,0
BRDA:12,4,1,49
BRDA:16,5,0,4
BRDA:16,5,1,4
BRF:12
BRH:11
end_of_record
TN:
SF:db/index.js
FN:9,db
FNF:1
FNH:1
FNDA:8,db
DA:10,8
DA:12,8
DA:13,8
DA:14,8
DA:16,8
DA:17,8
DA:20,8
DA:21,8
DA:23,8
DA:25,8
DA:26,0
DA:29,8
LF:12
LH:11
BRDA:25,0,0,0
BRDA:25,0,1,8
BRF:2
BRH:1
end_of_record
TN:
SF:db/lib/db.js
FN:4,(anonymous_0)
FN:10,setupDatabase
FNF:2
FNH:1
FNDA:0,(anonymous_0)
FNDA:24,setupDatabase
DA:4,4
DA:5,0
DA:8,4
DA:11,24
DA:12,4
DA:13,4
DA:24,24
LF:7
LH:6
BRDA:11,0,0,4
BRDA:11,0,1,20
BRF:2
BRH:2
end_of_record
TN:
SF:db/lib/index.js
FN:10,hashPassword
FNF:1
FNH:1
FNDA:4,hashPassword
DA:8,4
DA:11,4
LF:2
LH:2
BRF:0
BRH:0
end_of_record
TN:
SF:db/lib/task.js
FN:1,setupTask
FN:2,create
FN:10,deleteBy
FN:17,findById
FN:21,findBy
FN:29,findAllBy
FN:37,update
FNF:7
FNH:7
FNDA:8,setupTask
FNDA:1,create
FNDA:2,deleteBy
FNDA:6,findById
FNDA:2,findBy
FNDA:2,findAllBy
FNDA:2,update
DA:3,1
DA:11,2
DA:18,6
DA:22,2
DA:30,2
DA:38,2
DA:46,2
DA:49,8
LF:8
LH:8
BRF:0
BRH:0
end_of_record
TN:
SF:db/lib/user.js
FN:1,setupUser
FN:2,create
FN:13,findBy
FN:28,findById
FN:32,update
FN:44,deleteBy
FNF:6
FNH:6
FNDA:8,setupUser
FNDA:3,create
FNDA:5,findBy
FNDA:12,findById
FNDA:1,update
FNDA:4,deleteBy
DA:3,3
DA:14,5
DA:29,12
DA:33,1
DA:41,1
DA:45,4
DA:51,8
LF:7
LH:7
BRF:0
BRH:0
end_of_record
TN:
SF:db/models/index.js
FNF:0
FNH:0
LF:0
LH:0
BRF:0
BRH:0
end_of_record
TN:
SF:db/models/task.js
FN:10,setupTaskModel
FNF:1
FNH:1
FNDA:8,setupTaskModel
DA:4,4
DA:11,8
DA:12,8
DA:14,8
DA:71,8
LF:5
LH:5
BRF:0
BRH:0
end_of_record
TN:
SF:db/models/user.js
FN:4,setupUserModel
FN:57,(anonymous_1)
FN:60,(anonymous_2)
FNF:3
FNH:3
FNDA:8,setupUserModel
FNDA:3,(anonymous_1)
FNDA:1,(anonymous_2)
DA:5,8
DA:7,8
DA:58,3
DA:61,1
DA:67,8
LF:5
LH:5
BRF:0
BRH:0
end_of_record
TN:
SF:schema/index.js
FNF:0
FNH:0
LF:0
LH:0
BRF:0
BRH:0
end_of_record
TN:
SF:schema/middlewares.js
FN:4,(anonymous_0)
FNF:1
FNH:1
FNDA:21,(anonymous_0)
DA:4,4
DA:5,21
DA:6,6
DA:9,15
LF:4
LH:4
BRDA:5,0,0,6
BRDA:5,0,1,15
BRF:2
BRH:2
end_of_record
TN:
SF:schema/mutations.js
FN:8,(anonymous_0)
FN:26,(anonymous_1)
FN:46,(anonymous_2)
FN:59,(anonymous_3)
FN:72,(anonymous_4)
FN:91,(anonymous_5)
FNF:6
FNH:6
FNDA:3,(anonymous_0)
FNDA:2,(anonymous_1)
FNDA:2,(anonymous_2)
FNDA:2,(anonymous_3)
FNDA:4,(anonymous_4)
FNDA:3,(anonymous_5)
DA:8,4
DA:9,3
DA:10,3
DA:11,3
DA:12,3
DA:14,3
DA:15,1
DA:18,2
DA:20,2
DA:26,4
DA:27,2
DA:29,2
DA:31,2
DA:32,1
DA:35,1
DA:36,1
DA:38,1
DA:40,1
DA:46,4
DA:47,2
DA:48,2
DA:50,2
DA:51,1
DA:54,1
DA:56,1
DA:59,4
DA:60,2
DA:61,2
DA:63,2
DA:64,1
DA:67,1
DA:69,1
DA:72,4
DA:73,4
DA:74,4
DA:76,4
DA:77,1
DA:80,3
DA:82,3
DA:83,1
DA:86,2
DA:88,1
DA:91,4
DA:92,3
DA:93,3
DA:95,3
DA:96,1
DA:99,2
DA:101,2
DA:102,1
DA:105,1
DA:107,1
LF:52
LH:52
BRDA:11,0,0,3
BRDA:11,0,1,1
BRDA:14,1,0,1
BRDA:14,1,1,2
BRDA:14,2,0,3
BRDA:14,2,1,2
BRDA:31,3,0,1
BRDA:31,3,1,1
BRDA:50,4,0,1
BRDA:50,4,1,1
BRDA:56,5,0,1
BRDA:56,5,1,0
BRDA:63,6,0,1
BRDA:63,6,1,1
BRDA:76,7,0,1
BRDA:76,7,1,3
BRDA:82,8,0,1
BRDA:82,8,1,2
BRDA:88,9,0,1
BRDA:88,9,1,0
BRDA:95,10,0,1
BRDA:95,10,1,2
BRDA:101,11,0,1
BRDA:101,11,1,1
BRF:24
BRH:22
end_of_record
TN:
SF:schema/queries.js
FN:9,(anonymous_0)
FN:13,(anonymous_1)
FN:37,(anonymous_2)
FNF:3
FNH:3
FNDA:2,(anonymous_0)
FNDA:1,(anonymous_1)
FNDA:2,(anonymous_2)
DA:3,4
DA:9,4
DA:10,2
DA:11,2
DA:13,2
DA:14,1
DA:15,1
DA:16,0
DA:19,1
DA:20,1
DA:23,1
DA:24,0
DA:27,1
DA:34,2
DA:37,4
DA:38,2
DA:39,2
DA:41,2
DA:43,1
LF:19
LH:17
BRDA:15,0,0,0
BRDA:15,0,1,1
BRDA:19,1,0,1
BRDA:19,1,1,0
BRDA:23,2,0,0
BRDA:23,2,1,1
BRDA:41,3,0,1
BRDA:41,3,1,1
BRF:8
BRH:5
end_of_record
TN:
SF:schema/resolvers.js
FNF:0
FNH:0
DA:17,4
LF:1
LH:1
BRF:0
BRH:0
end_of_record
TN:
SF:schema/typeDefs.js
FNF:0
FNH:0
DA:3,4
LF:1
LH:1
BRF:0
BRH:0
end_of_record
TN:
SF:tests/utils/helpers.js
FNF:0
FNH:0
DA:3,3
DA:17,3
DA:33,3
DA:49,3
DA:63,3
DA:74,3
DA:89,3
DA:102,3
DA:114,3
DA:127,3
DA:156,3
LF:11
LH:11
BRF:0
BRH:0
end_of_record
TN:
SF:tests/utils/mocks.js
FNF:0
FNH:0
DA:2,3
DA:9,3
LF:2
LH:2
BRF:0
BRH:0
end_of_record
TN:
SF:utils/index.js
FN:13,(anonymous_0)
FN:17,(anonymous_1)
FNF:2
FNH:2
FNDA:3,(anonymous_0)
FNDA:3,(anonymous_1)
DA:7,4
DA:13,4
DA:14,3
DA:17,4
DA:18,3
LF:5
LH:5
BRF:0
BRH:0
end_of_record
